<?xml version="1.0" encoding="UTF-8"?>
<!-- Generated by org.testng.reporters.JUnitReportReporter -->
<testsuite hostname="user1" failures="0" tests="1" name="TestNG.TC_05" time="24.269" errors="0" timestamp="2023-02-21T23:44:17 IST" skipped="0">
  <testcase classname="TestNG.TC_05" name="validate_TC05" time="24.269"/>
  <system-out/>
</testsuite> <!-- TestNG.TC_05 -->
