<?xml version="1.0" encoding="UTF-8"?>
<!-- Generated by org.testng.reporters.JUnitReportReporter -->
<testsuite hostname="user1" failures="0" tests="1" name="TestNG.TC_15" time="29.816" errors="0" timestamp="2023-02-21T23:44:17 IST" skipped="0">
  <testcase classname="TestNG.TC_15" name="validate_TC15" time="29.816"/>
  <system-out/>
</testsuite> <!-- TestNG.TC_15 -->
