<?xml version="1.0" encoding="UTF-8"?>
<!-- Generated by org.testng.reporters.JUnitReportReporter -->
<testsuite hostname="user1" failures="0" tests="1" name="TestNG.TC_13" time="40.126" errors="0" timestamp="2023-02-21T23:44:17 IST" skipped="0">
  <testcase classname="TestNG.TC_13" name="validate_TC13" time="40.126"/>
  <system-out/>
</testsuite> <!-- TestNG.TC_13 -->
