<?xml version="1.0" encoding="UTF-8"?>
<!-- Generated by org.testng.reporters.JUnitReportReporter -->
<testsuite hostname="user1" failures="0" tests="1" name="TestNG.TC_multi" time="15.988" errors="0" timestamp="2023-02-19T20:18:46 IST" skipped="0">
  <testcase classname="TestNG.TC_multi" name="validate_multi" time="15.988"/>
  <system-out/>
</testsuite> <!-- TestNG.TC_multi -->
