<?xml version="1.0" encoding="UTF-8"?>
<!-- Generated by org.testng.reporters.JUnitReportReporter -->
<testsuite hostname="user1" failures="0" tests="1" name="TestNG.TC_07" time="15.495" errors="0" timestamp="2023-02-19T19:48:50 IST" skipped="0">
  <testcase classname="TestNG.TC_07" name="validaye_TC07" time="15.495"/>
  <system-out/>
</testsuite> <!-- TestNG.TC_07 -->
